<?xml version="1.0" encoding="UTF-8"?>
<!-- Generated by org.testng.reporters.JUnitXMLReporter -->
<testsuite hostname="JEYARAM" ignored="0" name="Default test" tests="6" failures="0" timestamp="14 Nov 2022 10:55:19 GMT" time="8.036" errors="0">
  <testcase name="tc1" time="1.208" classname="org.test.FacebookLogin"/>
  <testcase name="tc1" time="1.325" classname="org.test.FacebookLogin"/>
  <testcase name="tc1" time="1.323" classname="org.test.FacebookLogin"/>
  <testcase name="tc1" time="1.548" classname="org.test.FacebookLogin"/>
  <testcase name="tc1" time="1.316" classname="org.test.FacebookLogin"/>
  <testcase name="tc1" time="1.256" classname="org.test.FacebookLogin"/>
</testsuite> <!-- Default test -->
