<?xml version="1.0" encoding="UTF-8"?>
<!-- Generated by org.testng.reporters.JUnitXMLReporter -->
<testsuite hostname="JEYARAM" ignored="0" name="Test1" tests="6" failures="0" timestamp="14 Nov 2022 08:38:26 GMT" time="20.955" errors="0">
  <testcase name="tc1" time="0.61" classname="org.test.TestNgTesting2"/>
  <testcase name="tc2" time="2.378" classname="org.test.TestNgTesting2"/>
  <testcase name="tc2" time="2.271" classname="org.test.TestNgTesting2"/>
  <testcase name="tc2" time="2.051" classname="org.test.TestNgTesting2"/>
  <testcase name="tc2" time="2.088" classname="org.test.TestNgTesting2"/>
  <testcase name="tc2" time="1.947" classname="org.test.TestNgTesting2"/>
</testsuite> <!-- Test1 -->
